[INFO] Scanning for projects...
[WARNING] 
[WARNING] Some problems were encountered while building the effective model for org.adso:Minimarket:jar:0.0.1-SNAPSHOT
[WARNING] 'dependencies.dependency.version' for org.jetbrains:annotations:jar is either LATEST or RELEASE (both of them are being deprecated) @ line 150, column 22
[WARNING] 
[WARNING] It is highly recommended to fix these problems because they threaten the stability of your build.
[WARNING] 
[WARNING] For this reason, future Maven versions might no longer support building such malformed projects.
[WARNING] 
[INFO] 
[INFO] ------------------------< org.adso:Minimarket >-------------------------
[INFO] Building Minimarket 0.0.1-SNAPSHOT
[INFO]   from pom.xml
[INFO] --------------------------------[ jar ]---------------------------------
[INFO] 
[INFO] --- clean:3.5.0:clean (default-clean) @ Minimarket ---
[INFO] Deleting /home/gsus/Desktop/adso/Minimarket/target
[INFO] 
[INFO] --- resources:3.3.1:resources (default-resources) @ Minimarket ---
[INFO] Copying 1 resource from src/main/resources to target/classes
[INFO] Copying 16 resources from src/main/resources to target/classes
[INFO] 
[INFO] --- compiler:3.14.1:compile (default-compile) @ Minimarket ---
[INFO] Recompiling the module because of changed source code.
[INFO] Compiling 132 source files with javac [debug parameters release 17] to target/classes
[INFO] /home/gsus/Desktop/adso/Minimarket/src/main/java/org/adso/minimarket/repository/jpa/ProductRepository.java: /home/gsus/Desktop/adso/Minimarket/src/main/java/org/adso/minimarket/repository/jpa/ProductRepository.java uses or overrides a deprecated API.
[INFO] /home/gsus/Desktop/adso/Minimarket/src/main/java/org/adso/minimarket/repository/jpa/ProductRepository.java: Recompile with -Xlint:deprecation for details.
[INFO] -------------------------------------------------------------
[WARNING] COMPILATION WARNING : 
[INFO] -------------------------------------------------------------
[WARNING] /home/gsus/Desktop/adso/Minimarket/src/main/java/org/adso/minimarket/dto/DetailedProduct.java:[27,26] @Builder will ignore the initializing expression entirely. If you want the initializing expression to serve as default, add @Builder.Default. If it is not supposed to be settable during building, make the field final.
[WARNING] /home/gsus/Desktop/adso/Minimarket/src/main/java/org/adso/minimarket/mappers/ProductMapper.java:[20,21] Unmapped target property: "parentName". Mapping from property "Category category" to "CategorySummary category".
[INFO] 2 warnings 
[INFO] -------------------------------------------------------------
[INFO] -------------------------------------------------------------
[ERROR] COMPILATION ERROR : 
[INFO] -------------------------------------------------------------
[ERROR] /home/gsus/Desktop/adso/Minimarket/src/main/java/org/adso/minimarket/service/SearchServiceImpl.java:[164,14] cannot find symbol
  symbol:   method field(java.lang.String)
  location: variable r of type co.elastic.clients.elasticsearch._types.query_dsl.RangeQuery.Builder
[ERROR] /home/gsus/Desktop/adso/Minimarket/src/main/java/org/adso/minimarket/service/SearchServiceImpl.java:[166,18] cannot find symbol
  symbol:   method gte(co.elastic.clients.json.JsonData)
  location: variable r of type co.elastic.clients.elasticsearch._types.query_dsl.RangeQuery.Builder
[ERROR] /home/gsus/Desktop/adso/Minimarket/src/main/java/org/adso/minimarket/service/SearchServiceImpl.java:[169,18] cannot find symbol
  symbol:   method lte(co.elastic.clients.json.JsonData)
  location: variable r of type co.elastic.clients.elasticsearch._types.query_dsl.RangeQuery.Builder
[ERROR] /home/gsus/Desktop/adso/Minimarket/src/main/java/org/adso/minimarket/service/SearchServiceImpl.java:[230,54] cannot find symbol
  symbol:   method field(java.lang.String)
  location: variable r of type co.elastic.clients.elasticsearch._types.query_dsl.RangeQuery.Builder
[INFO] 4 errors 
[INFO] -------------------------------------------------------------
[INFO] ------------------------------------------------------------------------
[INFO] BUILD FAILURE
[INFO] ------------------------------------------------------------------------
[INFO] Total time:  3.087 s
[INFO] Finished at: 2026-03-14T17:06:39-05:00
[INFO] ------------------------------------------------------------------------
[ERROR] Failed to execute goal org.apache.maven.plugins:maven-compiler-plugin:3.14.1:compile (default-compile) on project Minimarket: Compilation failure: Compilation failure: 
[ERROR] /home/gsus/Desktop/adso/Minimarket/src/main/java/org/adso/minimarket/service/SearchServiceImpl.java:[164,14] cannot find symbol
[ERROR]   symbol:   method field(java.lang.String)
[ERROR]   location: variable r of type co.elastic.clients.elasticsearch._types.query_dsl.RangeQuery.Builder
[ERROR] /home/gsus/Desktop/adso/Minimarket/src/main/java/org/adso/minimarket/service/SearchServiceImpl.java:[166,18] cannot find symbol
[ERROR]   symbol:   method gte(co.elastic.clients.json.JsonData)
[ERROR]   location: variable r of type co.elastic.clients.elasticsearch._types.query_dsl.RangeQuery.Builder
[ERROR] /home/gsus/Desktop/adso/Minimarket/src/main/java/org/adso/minimarket/service/SearchServiceImpl.java:[169,18] cannot find symbol
[ERROR]   symbol:   method lte(co.elastic.clients.json.JsonData)
[ERROR]   location: variable r of type co.elastic.clients.elasticsearch._types.query_dsl.RangeQuery.Builder
[ERROR] /home/gsus/Desktop/adso/Minimarket/src/main/java/org/adso/minimarket/service/SearchServiceImpl.java:[230,54] cannot find symbol
[ERROR]   symbol:   method field(java.lang.String)
[ERROR]   location: variable r of type co.elastic.clients.elasticsearch._types.query_dsl.RangeQuery.Builder
[ERROR] -> [Help 1]
[ERROR] 
[ERROR] To see the full stack trace of the errors, re-run Maven with the -e switch.
[ERROR] Re-run Maven using the -X switch to enable full debug logging.
[ERROR] 
[ERROR] For more information about the errors and possible solutions, please read the following articles:
[ERROR] [Help 1] http://cwiki.apache.org/confluence/display/MAVEN/MojoFailureException
